<?xml version="1.0" encoding="UTF-8"?>
<testng-results skipped="0" failed="0" ignored="0" total="1" passed="1">
  <reporter-output>
    <line>
      <![CDATA[Opening Chrome]]>
    </line>
  </reporter-output>
  <suite name="AllTestsSuite" duration-ms="13515" started-at="2020-05-26T18:06:16 IST" finished-at="2020-05-26T18:06:30 IST">
    <groups>
    </groups>
    <test name="My First Selenium TestNG Test" duration-ms="13515" started-at="2020-05-26T18:06:16 IST" finished-at="2020-05-26T18:06:30 IST">
      <class name="com.poker.users.SigninValidation">
        <test-method status="PASS" signature="preCondition()[pri:0, instance:com.poker.users.SigninValidation@26aa12dd]" name="preCondition" is-config="true" duration-ms="3670" started-at="2020-05-26T18:06:13 IST" finished-at="2020-05-26T18:06:16 IST">
          <reporter-output>
            <line>
              <![CDATA[Opening Chrome]]>
            </line>
          </reporter-output>
        </test-method> <!-- preCondition -->
        <test-method status="PASS" signature="signinFormValidationTest()[pri:0, instance:com.poker.users.SigninValidation@26aa12dd]" name="signinFormValidationTest" duration-ms="13491" started-at="2020-05-26T18:06:16 IST" finished-at="2020-05-26T18:06:30 IST">
          <reporter-output>
          </reporter-output>
        </test-method> <!-- signinFormValidationTest -->
        <test-method status="PASS" signature="res()[pri:0, instance:com.poker.users.SigninValidation@26aa12dd]" name="res" is-config="true" duration-ms="1" started-at="2020-05-26T18:06:30 IST" finished-at="2020-05-26T18:06:30 IST">
          <reporter-output>
          </reporter-output>
        </test-method> <!-- res -->
        <test-method status="PASS" signature="afterSuiteMethod()[pri:0, instance:com.poker.users.SigninValidation@26aa12dd]" name="afterSuiteMethod" is-config="true" duration-ms="671" started-at="2020-05-26T18:06:30 IST" finished-at="2020-05-26T18:06:30 IST">
          <reporter-output>
          </reporter-output>
        </test-method> <!-- afterSuiteMethod -->
      </class> <!-- com.poker.users.SigninValidation -->
    </test> <!-- My First Selenium TestNG Test -->
  </suite> <!-- AllTestsSuite -->
</testng-results>
